<?xml version="1.0" encoding="UTF-8"?>
<!-- Generated by org.testng.reporters.JUnitReportReporter -->
<testsuite skipped="0" hostname="SATHEZ-PC" name="datadrivenExcel.DataEntering" tests="1" failures="0" timestamp="31 Jul 2020 04:09:15 GMT" time="284.939" errors="0">
  <testcase name="EnteringData" time="284.939" classname="datadrivenExcel.DataEntering"/>
</testsuite> <!-- datadrivenExcel.DataEntering -->
