<?xml version="1.0" encoding="UTF-8"?>
<!-- Generated by org.testng.reporters.JUnitReportReporter -->
<testsuite skipped="0" hostname="SATHEZ-PC" name="datadrivenExcel.Login" tests="4" failures="0" timestamp="31 Jul 2020 04:42:58 GMT" time="100.209" errors="0">
  <testcase name="loginwithbothcorrect" time="37.286" classname="datadrivenExcel.Login"/>
  <testcase name="loginwithbothcorrect" time="22.193" classname="datadrivenExcel.Login"/>
  <testcase name="loginwithbothcorrect" time="18.660" classname="datadrivenExcel.Login"/>
  <testcase name="loginwithbothcorrect" time="22.070" classname="datadrivenExcel.Login"/>
</testsuite> <!-- datadrivenExcel.Login -->
